<?xml version="1.0" encoding="UTF-8"?>
<!-- Generated by org.testng.reporters.JUnitXMLReporter -->
<testsuite ignored="0" hostname="LAPTOP-BO3N5QVQ" failures="1" tests="1" name="Test" time="7.89" errors="0" timestamp="2025-09-25T17:51:41 IST">
  <testcase classname="testCases.TC004_SearchProduct" name="SearchFunctionality" time="0.0">
    <failure type="org.testng.TestNGException" message="
Cannot inject @Test annotated Method [SearchFunctionality] with [class java.lang.String].
For more information on native dependency injection please refer to https://testng.org/#_dependency_injection">
      <![CDATA[org.testng.TestNGException: 
Cannot inject @Test annotated Method [SearchFunctionality] with [class java.lang.String].
For more information on native dependency injection please refer to https://testng.org/#_dependency_injection
at java.base/java.util.ArrayList.forEach(ArrayList.java:1511)
... Removed 26 stack frames]]>
    </failure>
  </testcase> <!-- SearchFunctionality -->
</testsuite> <!-- Test -->
