<?xml version="1.0" encoding="UTF-8"?>
<!-- Generated by org.testng.reporters.JUnitXMLReporter -->
<testsuite ignored="0" hostname="LAPTOP-BO3N5QVQ" failures="0" tests="2" name="Test" time="286.931" errors="0" timestamp="2025-08-21T23:28:55 IST">
  <testcase classname="testBase.BaseClass" name="@BeforeClass setup" time="180.443">
    <failure type="org.openqa.selenium.SessionNotCreatedException" message="Could not start a new session. Possible causes are invalid address of the remote server or browser start-up failure. 
Host info: host: &amp;apos;LAPTOP-BO3N5QVQ&amp;apos;, ip: &amp;apos;10.219.192.133&amp;apos;">
      <![CDATA[org.openqa.selenium.SessionNotCreatedException: Could not start a new session. Possible causes are invalid address of the remote server or browser start-up failure. 
Host info: host: 'LAPTOP-BO3N5QVQ', ip: '10.219.192.133'
at org.openqa.selenium.remote.RemoteWebDriver.execute(RemoteWebDriver.java:562)
at org.openqa.selenium.remote.RemoteWebDriver.startSession(RemoteWebDriver.java:244)
at org.openqa.selenium.remote.RemoteWebDriver.<init>(RemoteWebDriver.java:173)
at org.openqa.selenium.remote.RemoteWebDriver.<init>(RemoteWebDriver.java:151)
at testBase.BaseClass.setup(BaseClass.java:75)
at java.base/java.util.ArrayList.forEach(ArrayList.java:1511)
Caused by: org.openqa.selenium.TimeoutException: java.util.concurrent.TimeoutException
Build info: version: '4.34.0', revision: '707dcb4246*'
System info: os.name: 'Windows 10', os.arch: 'amd64', os.version: '10.0', java.version: '17.0.1'
Driver info: driver.version: RemoteWebDriver
at org.openqa.selenium.remote.http.jdk.JdkHttpClient.execute(JdkHttpClient.java:427)
at org.openqa.selenium.remote.tracing.TracedHttpClient.execute(TracedHttpClient.java:54)
at org.openqa.selenium.remote.ProtocolHandshake.createSession(ProtocolHandshake.java:89)
at org.openqa.selenium.remote.ProtocolHandshake.createSession(ProtocolHandshake.java:75)
at org.openqa.selenium.remote.ProtocolHandshake.createSession(ProtocolHandshake.java:61)
at org.openqa.selenium.remote.HttpCommandExecutor.execute(HttpCommandExecutor.java:187)
at org.openqa.selenium.remote.TracedCommandExecutor.execute(TracedCommandExecutor.java:53)
at org.openqa.selenium.remote.RemoteWebDriver.execute(RemoteWebDriver.java:544)
... 30 more
Caused by: java.util.concurrent.TimeoutException
at java.base/java.util.concurrent.CompletableFuture$Timeout.run(CompletableFuture.java:2874)
at java.base/java.util.concurrent.Executors$RunnableAdapter.call(Executors.java:539)
at java.base/java.util.concurrent.FutureTask.run(FutureTask.java:264)
at java.base/java.util.concurrent.ScheduledThreadPoolExecutor$ScheduledFutureTask.run(ScheduledThreadPoolExecutor.java:304)
at java.base/java.util.concurrent.ThreadPoolExecutor.runWorker(ThreadPoolExecutor.java:1136)
at java.base/java.util.concurrent.ThreadPoolExecutor$Worker.run(ThreadPoolExecutor.java:635)
at java.base/java.lang.Thread.run(Thread.java:833)
... Removed 25 stack frames]]>
    </failure>
  </testcase> <!-- @BeforeClass setup -->
  <testcase classname="testBase.BaseClass" name="@AfterClass tearDown" time="0.0">
    <skipped/>
  </testcase> <!-- @AfterClass tearDown -->
  <testcase classname="testBase.BaseClass" name="@BeforeClass setup" time="106.104">
    <failure type="org.openqa.selenium.SessionNotCreatedException" message="Could not start a new session. Possible causes are invalid address of the remote server or browser start-up failure. 
Host info: host: &amp;apos;LAPTOP-BO3N5QVQ&amp;apos;, ip: &amp;apos;10.219.192.133&amp;apos;
Build info: version: &amp;apos;4.34.0&amp;apos;, revision: &amp;apos;707dcb4246*&amp;apos;
System info: os.name: &amp;apos;Windows 10&amp;apos;, os.arch: &amp;apos;amd64&amp;apos;, os.version: &amp;apos;10.0&amp;apos;, java.version: &amp;apos;17.0.1&amp;apos;
Driver info: org.openqa.selenium.remote.RemoteWebDriver
Command: [null, newSession {capabilities=[Capabilities {browserName: chrome, platformName: Windows 11}]}]
Capabilities {browserName: chrome, platformName: Windows 11}">
      <![CDATA[org.openqa.selenium.SessionNotCreatedException: Could not start a new session. Possible causes are invalid address of the remote server or browser start-up failure. 
Host info: host: 'LAPTOP-BO3N5QVQ', ip: '10.219.192.133'
Build info: version: '4.34.0', revision: '707dcb4246*'
System info: os.name: 'Windows 10', os.arch: 'amd64', os.version: '10.0', java.version: '17.0.1'
Driver info: org.openqa.selenium.remote.RemoteWebDriver
Command: [null, newSession {capabilities=[Capabilities {browserName: chrome, platformName: Windows 11}]}]
Capabilities {browserName: chrome, platformName: Windows 11}
at org.openqa.selenium.remote.RemoteWebDriver.execute(RemoteWebDriver.java:562)
at org.openqa.selenium.remote.RemoteWebDriver.startSession(RemoteWebDriver.java:244)
at org.openqa.selenium.remote.RemoteWebDriver.<init>(RemoteWebDriver.java:173)
at org.openqa.selenium.remote.RemoteWebDriver.<init>(RemoteWebDriver.java:151)
at testBase.BaseClass.setup(BaseClass.java:75)
at java.base/java.util.ArrayList.forEach(ArrayList.java:1511)
Caused by: java.io.UncheckedIOException: java.io.IOException: HTTP/1.1 header parser received no bytes
at org.openqa.selenium.remote.http.jdk.JdkHttpClient.execute0(JdkHttpClient.java:500)
at org.openqa.selenium.remote.http.AddSeleniumUserAgent.lambda$apply$0(AddSeleniumUserAgent.java:42)
at org.openqa.selenium.remote.http.Filter.lambda$andFinally$1(Filter.java:55)
at org.openqa.selenium.remote.http.jdk.JdkHttpClient.lambda$executeAsync$2(JdkHttpClient.java:387)
at java.base/java.util.concurrent.Executors$RunnableAdapter.call(Executors.java:539)
at java.base/java.util.concurrent.FutureTask.run(FutureTask.java:264)
at java.base/java.util.concurrent.ThreadPoolExecutor.runWorker(ThreadPoolExecutor.java:1136)
at java.base/java.util.concurrent.ThreadPoolExecutor$Worker.run(ThreadPoolExecutor.java:635)
at java.base/java.lang.Thread.run(Thread.java:833)
Caused by: java.io.IOException: HTTP/1.1 header parser received no bytes
at java.net.http/jdk.internal.net.http.HttpClientImpl.send(HttpClientImpl.java:586)
at java.net.http/jdk.internal.net.http.HttpClientFacade.send(HttpClientFacade.java:119)
at org.openqa.selenium.remote.http.jdk.JdkHttpClient.execute0(JdkHttpClient.java:459)
... 8 more
Caused by: java.io.IOException: HTTP/1.1 header parser received no bytes
at java.net.http/jdk.internal.net.http.common.Utils.wrapWithExtraDetail(Utils.java:348)
at java.net.http/jdk.internal.net.http.Http1Response$HeadersReader.onReadError(Http1Response.java:675)
at java.net.http/jdk.internal.net.http.Http1AsyncReceiver.checkForErrors(Http1AsyncReceiver.java:302)
at java.net.http/jdk.internal.net.http.Http1AsyncReceiver.flush(Http1AsyncReceiver.java:268)
at java.net.http/jdk.internal.net.http.common.SequentialScheduler$LockingRestartableTask.run(SequentialScheduler.java:205)
at java.net.http/jdk.internal.net.http.common.SequentialScheduler$CompleteRestartableTask.run(SequentialScheduler.java:149)
at java.net.http/jdk.internal.net.http.common.SequentialScheduler$SchedulableTask.run(SequentialScheduler.java:230)
... 3 more
Caused by: java.net.SocketException: Connection reset
at java.base/sun.nio.ch.SocketChannelImpl.throwConnectionReset(SocketChannelImpl.java:394)
at java.base/sun.nio.ch.SocketChannelImpl.read(SocketChannelImpl.java:426)
at java.net.http/jdk.internal.net.http.SocketTube.readAvailable(SocketTube.java:1170)
at java.net.http/jdk.internal.net.http.SocketTube$InternalReadPublisher$InternalReadSubscription.read(SocketTube.java:833)
at java.net.http/jdk.internal.net.http.SocketTube$SocketFlowTask.run(SocketTube.java:181)
at java.net.http/jdk.internal.net.http.common.SequentialScheduler$SchedulableTask.run(SequentialScheduler.java:230)
at java.net.http/jdk.internal.net.http.common.SequentialScheduler.runOrSchedule(SequentialScheduler.java:303)
at java.net.http/jdk.internal.net.http.common.SequentialScheduler.runOrSchedule(SequentialScheduler.java:256)
at java.net.http/jdk.internal.net.http.SocketTube$InternalReadPublisher$InternalReadSubscription.signalReadable(SocketTube.java:774)
at java.net.http/jdk.internal.net.http.SocketTube$InternalReadPublisher$ReadEvent.signalEvent(SocketTube.java:957)
at java.net.http/jdk.internal.net.http.SocketTube$SocketFlowEvent.handle(SocketTube.java:253)
at java.net.http/jdk.internal.net.http.HttpClientImpl$SelectorManager.handleEvent(HttpClientImpl.java:979)
at java.net.http/jdk.internal.net.http.HttpClientImpl$SelectorManager.lambda$run$3(HttpClientImpl.java:934)
at java.base/java.util.ArrayList.forEach(ArrayList.java:1511)
at java.net.http/jdk.internal.net.http.HttpClientImpl$SelectorManager.run(HttpClientImpl.java:934)
... Removed 25 stack frames]]>
    </failure>
  </testcase> <!-- @BeforeClass setup -->
  <testcase classname="testBase.BaseClass" name="@AfterClass tearDown" time="0.0">
    <skipped/>
  </testcase> <!-- @AfterClass tearDown -->
  <testcase classname="testCases.TC001_AccountRegistrationTest" name="verify_Account_Registration" time="0.001">
    <skipped/>
  </testcase> <!-- verify_Account_Registration -->
  <testcase classname="testCases.TC002_LoginTest" name="verify_login" time="0.0">
    <skipped/>
  </testcase> <!-- verify_login -->
</testsuite> <!-- Test -->
